

Started GET "/" for 127.0.0.1 at 2016-03-24 11:36:05 +0000

ActiveRecord::PendingMigrationError (

Migrations are pending. To resolve this issue, run:

	bin/rake db:migrate RAILS_ENV=development

):
  activerecord (4.1.5) lib/active_record/migration.rb:389:in `check_pending!'
  activerecord (4.1.5) lib/active_record/migration.rb:377:in `call'
  actionpack (4.1.5) lib/action_dispatch/middleware/callbacks.rb:29:in `block in call'
  activesupport (4.1.5) lib/active_support/callbacks.rb:82:in `run_callbacks'
  actionpack (4.1.5) lib/action_dispatch/middleware/callbacks.rb:27:in `call'
  actionpack (4.1.5) lib/action_dispatch/middleware/reloader.rb:73:in `call'
  actionpack (4.1.5) lib/action_dispatch/middleware/remote_ip.rb:76:in `call'
  actionpack (4.1.5) lib/action_dispatch/middleware/debug_exceptions.rb:17:in `call'
  actionpack (4.1.5) lib/action_dispatch/middleware/show_exceptions.rb:30:in `call'
  railties (4.1.5) lib/rails/rack/logger.rb:38:in `call_app'
  railties (4.1.5) lib/rails/rack/logger.rb:20:in `block in call'
  activesupport (4.1.5) lib/active_support/tagged_logging.rb:68:in `block in tagged'
  activesupport (4.1.5) lib/active_support/tagged_logging.rb:26:in `tagged'
  activesupport (4.1.5) lib/active_support/tagged_logging.rb:68:in `tagged'
  railties (4.1.5) lib/rails/rack/logger.rb:20:in `call'
  actionpack (4.1.5) lib/action_dispatch/middleware/request_id.rb:21:in `call'
  rack (1.5.2) lib/rack/methodoverride.rb:21:in `call'
  rack (1.5.2) lib/rack/runtime.rb:17:in `call'
  activesupport (4.1.5) lib/active_support/cache/strategy/local_cache_middleware.rb:26:in `call'
  rack (1.5.2) lib/rack/lock.rb:17:in `call'
  actionpack (4.1.5) lib/action_dispatch/middleware/static.rb:64:in `call'
  rack (1.5.2) lib/rack/sendfile.rb:112:in `call'
  railties (4.1.5) lib/rails/engine.rb:514:in `call'
  railties (4.1.5) lib/rails/application.rb:144:in `call'
  rack (1.5.2) lib/rack/lock.rb:17:in `call'
  rack (1.5.2) lib/rack/content_length.rb:14:in `call'
  rack (1.5.2) lib/rack/handler/webrick.rb:60:in `service'
  /Users/Alan/.rbenv/versions/2.2.3/lib/ruby/2.2.0/webrick/httpserver.rb:138:in `service'
  /Users/Alan/.rbenv/versions/2.2.3/lib/ruby/2.2.0/webrick/httpserver.rb:94:in `run'
  /Users/Alan/.rbenv/versions/2.2.3/lib/ruby/2.2.0/webrick/server.rb:294:in `block in start_thread'


  Rendered /Users/Alan/.rbenv/versions/2.2.3/lib/ruby/gems/2.2.0/gems/actionpack-4.1.5/lib/action_dispatch/middleware/templates/rescues/_source.erb (0.8ms)
  Rendered /Users/Alan/.rbenv/versions/2.2.3/lib/ruby/gems/2.2.0/gems/actionpack-4.1.5/lib/action_dispatch/middleware/templates/rescues/_trace.html.erb (1.3ms)
  Rendered /Users/Alan/.rbenv/versions/2.2.3/lib/ruby/gems/2.2.0/gems/actionpack-4.1.5/lib/action_dispatch/middleware/templates/rescues/_request_and_response.html.erb (1.5ms)
  Rendered /Users/Alan/.rbenv/versions/2.2.3/lib/ruby/gems/2.2.0/gems/actionpack-4.1.5/lib/action_dispatch/middleware/templates/rescues/diagnostics.erb within rescues/layout (118.8ms)
  [1m[36m (1.6ms)[0m  [1mCREATE TABLE "schema_migrations" ("version" varchar(255) NOT NULL) [0m
  [1m[35m (0.1ms)[0m  select sqlite_version(*)
  [1m[36m (1.3ms)[0m  [1mCREATE UNIQUE INDEX "unique_schema_migrations" ON "schema_migrations" ("version")[0m
  [1m[35mActiveRecord::SchemaMigration Load (0.1ms)[0m  SELECT "schema_migrations".* FROM "schema_migrations"
Migrating to CreateLinks (20140906164734)
  [1m[36m (0.1ms)[0m  [1mbegin transaction[0m
  [1m[35m (0.6ms)[0m  CREATE TABLE "links" ("id" INTEGER PRIMARY KEY AUTOINCREMENT NOT NULL, "title" varchar(255), "url" varchar(255), "created_at" datetime, "updated_at" datetime) 
  [1m[36mSQL (0.4ms)[0m  [1mINSERT INTO "schema_migrations" ("version") VALUES (?)[0m  [["version", "20140906164734"]]
  [1m[35m (1.7ms)[0m  commit transaction
Migrating to DeviseCreateUsers (20140906172351)
  [1m[36m (0.1ms)[0m  [1mbegin transaction[0m
  [1m[35m (0.6ms)[0m  CREATE TABLE "users" ("id" INTEGER PRIMARY KEY AUTOINCREMENT NOT NULL, "email" varchar(255) DEFAULT '' NOT NULL, "encrypted_password" varchar(255) DEFAULT '' NOT NULL, "reset_password_token" varchar(255), "reset_password_sent_at" datetime, "remember_created_at" datetime, "sign_in_count" integer DEFAULT 0 NOT NULL, "current_sign_in_at" datetime, "last_sign_in_at" datetime, "current_sign_in_ip" varchar(255), "last_sign_in_ip" varchar(255), "created_at" datetime, "updated_at" datetime) 
  [1m[36m (1.3ms)[0m  [1mCREATE UNIQUE INDEX "index_users_on_email" ON "users" ("email")[0m
  [1m[35m (0.1ms)[0m              SELECT sql
            FROM sqlite_master
            WHERE name='index_users_on_email' AND type='index'
            UNION ALL
            SELECT sql
            FROM sqlite_temp_master
            WHERE name='index_users_on_email' AND type='index'

  [1m[36m (0.1ms)[0m  [1mCREATE UNIQUE INDEX "index_users_on_reset_password_token" ON "users" ("reset_password_token")[0m
  [1m[35mSQL (0.2ms)[0m  INSERT INTO "schema_migrations" ("version") VALUES (?)  [["version", "20140906172351"]]
  [1m[36m (1.2ms)[0m  [1mcommit transaction[0m
Migrating to AddUserIdToLinks (20140906205809)
  [1m[35m (0.1ms)[0m  begin transaction
  [1m[36m (1.0ms)[0m  [1mALTER TABLE "links" ADD "user_id" integer[0m
  [1m[35m (0.2ms)[0m  CREATE  INDEX "index_links_on_user_id" ON "links" ("user_id")
  [1m[36mSQL (0.1ms)[0m  [1mINSERT INTO "schema_migrations" ("version") VALUES (?)[0m  [["version", "20140906205809"]]
  [1m[35m (1.1ms)[0m  commit transaction
Migrating to ActsAsVotableMigration (20140907145852)
  [1m[36m (0.1ms)[0m  [1mbegin transaction[0m
  [1m[35m (0.4ms)[0m  CREATE TABLE "votes" ("id" INTEGER PRIMARY KEY AUTOINCREMENT NOT NULL, "votable_id" integer, "votable_type" varchar(255), "voter_id" integer, "voter_type" varchar(255), "vote_flag" boolean, "vote_scope" varchar(255), "vote_weight" integer, "created_at" datetime, "updated_at" datetime) 
  [1m[36m (0.1ms)[0m  [1mCREATE  INDEX "index_votes_on_voter_id_and_voter_type_and_vote_scope" ON "votes" ("voter_id", "voter_type", "vote_scope")[0m
  [1m[35m (0.1ms)[0m              SELECT sql
            FROM sqlite_master
            WHERE name='index_votes_on_voter_id_and_voter_type_and_vote_scope' AND type='index'
            UNION ALL
            SELECT sql
            FROM sqlite_temp_master
            WHERE name='index_votes_on_voter_id_and_voter_type_and_vote_scope' AND type='index'

  [1m[36m (0.1ms)[0m  [1mCREATE  INDEX "index_votes_on_votable_id_and_votable_type_and_vote_scope" ON "votes" ("votable_id", "votable_type", "vote_scope")[0m
  [1m[35mSQL (0.1ms)[0m  INSERT INTO "schema_migrations" ("version") VALUES (?)  [["version", "20140907145852"]]
  [1m[36m (1.3ms)[0m  [1mcommit transaction[0m
Migrating to CreateComments (20140907161541)
  [1m[35m (0.2ms)[0m  begin transaction
  [1m[36m (1.1ms)[0m  [1mCREATE TABLE "comments" ("id" INTEGER PRIMARY KEY AUTOINCREMENT NOT NULL, "link_id" integer, "body" text, "user_id" integer, "created_at" datetime, "updated_at" datetime) [0m
  [1m[35m (0.2ms)[0m  CREATE  INDEX "index_comments_on_user_id" ON "comments" ("user_id")
  [1m[36m (0.1ms)[0m  [1m            SELECT sql
            FROM sqlite_master
            WHERE name='index_comments_on_user_id' AND type='index'
            UNION ALL
            SELECT sql
            FROM sqlite_temp_master
            WHERE name='index_comments_on_user_id' AND type='index'
[0m
  [1m[35m (0.2ms)[0m  CREATE  INDEX "index_comments_on_link_id" ON "comments" ("link_id")
  [1m[36mSQL (0.2ms)[0m  [1mINSERT INTO "schema_migrations" ("version") VALUES (?)[0m  [["version", "20140907161541"]]
  [1m[35m (1.1ms)[0m  commit transaction
Migrating to AddNameToUsers (20140907165355)
  [1m[36m (0.1ms)[0m  [1mbegin transaction[0m
  [1m[35m (0.6ms)[0m  ALTER TABLE "users" ADD "name" varchar(255)
  [1m[36mSQL (0.2ms)[0m  [1mINSERT INTO "schema_migrations" ("version") VALUES (?)[0m  [["version", "20140907165355"]]
  [1m[35m (0.9ms)[0m  commit transaction
  [1m[36mActiveRecord::SchemaMigration Load (0.1ms)[0m  [1mSELECT "schema_migrations".* FROM "schema_migrations"[0m
  [1m[35m (0.1ms)[0m              SELECT sql
            FROM sqlite_master
            WHERE name='index_comments_on_link_id' AND type='index'
            UNION ALL
            SELECT sql
            FROM sqlite_temp_master
            WHERE name='index_comments_on_link_id' AND type='index'

  [1m[36m (0.2ms)[0m  [1m            SELECT sql
            FROM sqlite_master
            WHERE name='index_comments_on_user_id' AND type='index'
            UNION ALL
            SELECT sql
            FROM sqlite_temp_master
            WHERE name='index_comments_on_user_id' AND type='index'
[0m
  [1m[35m (0.2ms)[0m              SELECT sql
            FROM sqlite_master
            WHERE name='index_links_on_user_id' AND type='index'
            UNION ALL
            SELECT sql
            FROM sqlite_temp_master
            WHERE name='index_links_on_user_id' AND type='index'

  [1m[36m (0.1ms)[0m  [1m            SELECT sql
            FROM sqlite_master
            WHERE name='index_users_on_reset_password_token' AND type='index'
            UNION ALL
            SELECT sql
            FROM sqlite_temp_master
            WHERE name='index_users_on_reset_password_token' AND type='index'
[0m
  [1m[35m (0.1ms)[0m              SELECT sql
            FROM sqlite_master
            WHERE name='index_users_on_email' AND type='index'
            UNION ALL
            SELECT sql
            FROM sqlite_temp_master
            WHERE name='index_users_on_email' AND type='index'

  [1m[36m (0.1ms)[0m  [1m            SELECT sql
            FROM sqlite_master
            WHERE name='index_votes_on_votable_id_and_votable_type_and_vote_scope' AND type='index'
            UNION ALL
            SELECT sql
            FROM sqlite_temp_master
            WHERE name='index_votes_on_votable_id_and_votable_type_and_vote_scope' AND type='index'
[0m
  [1m[35m (0.1ms)[0m              SELECT sql
            FROM sqlite_master
            WHERE name='index_votes_on_voter_id_and_voter_type_and_vote_scope' AND type='index'
            UNION ALL
            SELECT sql
            FROM sqlite_temp_master
            WHERE name='index_votes_on_voter_id_and_voter_type_and_vote_scope' AND type='index'



Started GET "/" for 127.0.0.1 at 2016-03-24 11:36:49 +0000
  [1m[36mActiveRecord::SchemaMigration Load (0.2ms)[0m  [1mSELECT "schema_migrations".* FROM "schema_migrations"[0m
Processing by LinksController#index as HTML
  [1m[35mLink Load (22.8ms)[0m  SELECT "links".* FROM "links"
  Rendered links/index.html.erb within layouts/application (25.6ms)
  [1m[36mUser Load (29.4ms)[0m  [1mSELECT  "users".* FROM "users"  WHERE "users"."id" = 1  ORDER BY "users"."id" ASC LIMIT 1[0m
Completed 200 OK in 5806ms (Views: 5660.1ms | ActiveRecord: 52.6ms)


Started GET "/assets/links.css?body=1" for 127.0.0.1 at 2016-03-24 11:36:55 +0000


Started GET "/assets/scaffolds.css?body=1" for 127.0.0.1 at 2016-03-24 11:36:55 +0000


Started GET "/assets/bootstrap/affix.js?body=1" for 127.0.0.1 at 2016-03-24 11:36:55 +0000


Started GET "/assets/application.css?body=1" for 127.0.0.1 at 2016-03-24 11:36:55 +0000


Started GET "/assets/jquery.js?body=1" for 127.0.0.1 at 2016-03-24 11:36:55 +0000


Started GET "/assets/bootstrap/alert.js?body=1" for 127.0.0.1 at 2016-03-24 11:36:55 +0000


Started GET "/assets/bootstrap/button.js?body=1" for 127.0.0.1 at 2016-03-24 11:36:55 +0000


Started GET "/assets/bootstrap/carousel.js?body=1" for 127.0.0.1 at 2016-03-24 11:36:55 +0000


Started GET "/assets/bootstrap/collapse.js?body=1" for 127.0.0.1 at 2016-03-24 11:36:55 +0000


Started GET "/assets/bootstrap/dropdown.js?body=1" for 127.0.0.1 at 2016-03-24 11:36:55 +0000


Started GET "/assets/bootstrap/tab.js?body=1" for 127.0.0.1 at 2016-03-24 11:36:55 +0000


Started GET "/assets/bootstrap/scrollspy.js?body=1" for 127.0.0.1 at 2016-03-24 11:36:55 +0000


Started GET "/assets/bootstrap/transition.js?body=1" for 127.0.0.1 at 2016-03-24 11:36:55 +0000


Started GET "/assets/bootstrap/modal.js?body=1" for 127.0.0.1 at 2016-03-24 11:36:55 +0000


Started GET "/assets/bootstrap/tooltip.js?body=1" for 127.0.0.1 at 2016-03-24 11:36:55 +0000


Started GET "/assets/bootstrap/popover.js?body=1" for 127.0.0.1 at 2016-03-24 11:36:55 +0000


Started GET "/assets/bootstrap-sprockets.js?body=1" for 127.0.0.1 at 2016-03-24 11:36:55 +0000


Started GET "/assets/jquery_ujs.js?body=1" for 127.0.0.1 at 2016-03-24 11:36:55 +0000


Started GET "/assets/comments.js?body=1" for 127.0.0.1 at 2016-03-24 11:36:55 +0000


Started GET "/assets/turbolinks.js?body=1" for 127.0.0.1 at 2016-03-24 11:36:55 +0000


Started GET "/assets/links.js?body=1" for 127.0.0.1 at 2016-03-24 11:36:55 +0000


Started GET "/assets/application.js?body=1" for 127.0.0.1 at 2016-03-24 11:36:55 +0000


Started GET "/assets/bootstrap/scrollspy.js?body=1" for 127.0.0.1 at 2016-03-24 11:36:55 +0000


Started GET "/assets/bootstrap/modal.js?body=1" for 127.0.0.1 at 2016-03-24 11:36:55 +0000


Started GET "/assets/bootstrap/tooltip.js?body=1" for 127.0.0.1 at 2016-03-24 11:36:55 +0000


Started GET "/assets/jquery_ujs.js?body=1" for 127.0.0.1 at 2016-03-24 11:36:55 +0000


Started GET "/assets/turbolinks.js?body=1" for 127.0.0.1 at 2016-03-24 11:36:55 +0000


Started GET "/users/sign_in" for 127.0.0.1 at 2016-03-24 11:36:57 +0000
Processing by Devise::SessionsController#new as HTML
  Rendered devise/shared/_links.erb (2.5ms)
  Rendered devise/sessions/new.html.erb within layouts/application (158.9ms)
Completed 200 OK in 347ms (Views: 329.4ms | ActiveRecord: 0.3ms)


Started GET "/users/sign_up" for 127.0.0.1 at 2016-03-24 11:36:59 +0000
Processing by Devise::RegistrationsController#new as HTML
  Rendered devise/shared/_links.erb (0.6ms)
  Rendered devise/registrations/new.html.erb within layouts/application (7.6ms)
Completed 200 OK in 157ms (Views: 155.2ms | ActiveRecord: 0.0ms)


Started POST "/users" for 127.0.0.1 at 2016-03-24 11:37:09 +0000
Processing by Devise::RegistrationsController#create as HTML
  Parameters: {"utf8"=>"✓", "authenticity_token"=>"JvjyTxEyDScS0mns5M/5AJNBvigJyoHGApt88ioSzEo=", "user"=>{"name"=>"Alan", "email"=>"crookesa@hotmail.com", "password"=>"[FILTERED]", "password_confirmation"=>"[FILTERED]"}, "commit"=>"Sign up"}
  [1m[35m (0.1ms)[0m  begin transaction
  [1m[36mUser Exists (28.8ms)[0m  [1mSELECT  1 AS one FROM "users"  WHERE "users"."email" = 'crookesa@hotmail.com' LIMIT 1[0m
  [1m[35m (0.2ms)[0m  rollback transaction
  Rendered devise/shared/_links.erb (0.4ms)
  Rendered devise/registrations/new.html.erb within layouts/application (6.7ms)
Completed 200 OK in 377ms (Views: 151.0ms | ActiveRecord: 29.1ms)


Started GET "/assets/bootstrap/scrollspy.js?body=1" for 127.0.0.1 at 2016-03-24 11:37:09 +0000


Started GET "/assets/bootstrap/transition.js?body=1" for 127.0.0.1 at 2016-03-24 11:37:09 +0000


Started GET "/assets/turbolinks.js?body=1" for 127.0.0.1 at 2016-03-24 11:37:09 +0000


Started GET "/assets/bootstrap/tooltip.js?body=1" for 127.0.0.1 at 2016-03-24 11:37:09 +0000


Started GET "/assets/bootstrap/modal.js?body=1" for 127.0.0.1 at 2016-03-24 11:37:09 +0000


Started GET "/assets/jquery_ujs.js?body=1" for 127.0.0.1 at 2016-03-24 11:37:09 +0000


Started POST "/users" for 127.0.0.1 at 2016-03-24 11:37:14 +0000
Processing by Devise::RegistrationsController#create as HTML
  Parameters: {"utf8"=>"✓", "authenticity_token"=>"JvjyTxEyDScS0mns5M/5AJNBvigJyoHGApt88ioSzEo=", "user"=>{"name"=>"Alan", "email"=>"crookesa@hotmail.com", "password"=>"[FILTERED]", "password_confirmation"=>"[FILTERED]"}, "commit"=>"Sign up"}
  [1m[36m (0.1ms)[0m  [1mbegin transaction[0m
  [1m[35mUser Exists (0.2ms)[0m  SELECT  1 AS one FROM "users"  WHERE "users"."email" = 'crookesa@hotmail.com' LIMIT 1
Binary data inserted for `string` type on column `encrypted_password`
  [1m[36mSQL (25.3ms)[0m  [1mINSERT INTO "users" ("created_at", "email", "encrypted_password", "name", "updated_at") VALUES (?, ?, ?, ?, ?)[0m  [["created_at", "2016-03-24 11:37:14.471184"], ["email", "crookesa@hotmail.com"], ["encrypted_password", "$2a$10$GMK3QfMUlRN83hFVbkgdtuqaVvXRuPRtrjgG7NwOIsQ4CZN7ytZ1."], ["name", "Alan"], ["updated_at", "2016-03-24 11:37:14.471184"]]
  [1m[35m (1.4ms)[0m  commit transaction
  [1m[36m (0.1ms)[0m  [1mbegin transaction[0m
Binary data inserted for `string` type on column `current_sign_in_ip`
Binary data inserted for `string` type on column `last_sign_in_ip`
  [1m[35mSQL (0.6ms)[0m  UPDATE "users" SET "current_sign_in_at" = ?, "current_sign_in_ip" = ?, "last_sign_in_at" = ?, "last_sign_in_ip" = ?, "sign_in_count" = ?, "updated_at" = ? WHERE "users"."id" = 1  [["current_sign_in_at", "2016-03-24 11:37:14.540361"], ["current_sign_in_ip", "127.0.0.1"], ["last_sign_in_at", "2016-03-24 11:37:14.540361"], ["last_sign_in_ip", "127.0.0.1"], ["sign_in_count", 1], ["updated_at", "2016-03-24 11:37:14.542480"]]
  [1m[36m (0.9ms)[0m  [1mcommit transaction[0m
Redirected to http://localhost:3000/
Completed 302 Found in 171ms (ActiveRecord: 28.7ms)


Started GET "/" for 127.0.0.1 at 2016-03-24 11:37:14 +0000
Processing by LinksController#index as HTML
  [1m[35mLink Load (0.2ms)[0m  SELECT "links".* FROM "links"
  Rendered links/index.html.erb within layouts/application (0.7ms)
  [1m[36mUser Load (0.2ms)[0m  [1mSELECT  "users".* FROM "users"  WHERE "users"."id" = 1  ORDER BY "users"."id" ASC LIMIT 1[0m
Completed 200 OK in 133ms (Views: 131.5ms | ActiveRecord: 0.4ms)


Started GET "/assets/links.css?body=1" for 127.0.0.1 at 2016-03-24 11:37:14 +0000


Started GET "/assets/scaffolds.css?body=1" for 127.0.0.1 at 2016-03-24 11:37:14 +0000


Started GET "/assets/application.css?body=1" for 127.0.0.1 at 2016-03-24 11:37:14 +0000


Started GET "/assets/bootstrap/transition.js?body=1" for 127.0.0.1 at 2016-03-24 11:37:14 +0000


Started GET "/assets/bootstrap/scrollspy.js?body=1" for 127.0.0.1 at 2016-03-24 11:37:14 +0000


Started GET "/assets/bootstrap/modal.js?body=1" for 127.0.0.1 at 2016-03-24 11:37:14 +0000


Started GET "/assets/jquery_ujs.js?body=1" for 127.0.0.1 at 2016-03-24 11:37:14 +0000


Started GET "/assets/bootstrap/tooltip.js?body=1" for 127.0.0.1 at 2016-03-24 11:37:14 +0000


Started GET "/assets/turbolinks.js?body=1" for 127.0.0.1 at 2016-03-24 11:37:14 +0000


Started GET "/assets/comments.js?body=1" for 127.0.0.1 at 2016-03-24 11:37:14 +0000


Started GET "/assets/links.js?body=1" for 127.0.0.1 at 2016-03-24 11:37:14 +0000


Started GET "/assets/application.js?body=1" for 127.0.0.1 at 2016-03-24 11:37:14 +0000


Started GET "/links/new" for 127.0.0.1 at 2016-03-24 11:37:19 +0000
Processing by LinksController#new as HTML
  [1m[35mUser Load (0.2ms)[0m  SELECT  "users".* FROM "users"  WHERE "users"."id" = 1  ORDER BY "users"."id" ASC LIMIT 1
  Rendered links/_form.html.erb (5.5ms)
  Rendered links/new.html.erb within layouts/application (42.8ms)
Completed 200 OK in 178ms (Views: 154.2ms | ActiveRecord: 0.6ms)


Started POST "/links" for 127.0.0.1 at 2016-03-24 11:37:22 +0000
Processing by LinksController#create as HTML
  Parameters: {"utf8"=>"✓", "authenticity_token"=>"JvjyTxEyDScS0mns5M/5AJNBvigJyoHGApt88ioSzEo=", "link"=>{"title"=>"This is the NCI website", "url"=>"http://www.ncirl.ie"}, "commit"=>"Submit"}
  [1m[36mUser Load (1.6ms)[0m  [1mSELECT  "users".* FROM "users"  WHERE "users"."id" = 1  ORDER BY "users"."id" ASC LIMIT 1[0m
  [1m[35m (0.2ms)[0m  begin transaction
  [1m[36mSQL (14.9ms)[0m  [1mINSERT INTO "links" ("created_at", "title", "updated_at", "url", "user_id") VALUES (?, ?, ?, ?, ?)[0m  [["created_at", "2016-03-24 11:37:23.004251"], ["title", "This is the NCI website"], ["updated_at", "2016-03-24 11:37:23.004251"], ["url", "http://www.ncirl.ie"], ["user_id", 1]]
  [1m[35m (26.0ms)[0m  commit transaction
Redirected to http://localhost:3000/links/1
Completed 302 Found in 52ms (ActiveRecord: 42.6ms)


Started GET "/links/1" for 127.0.0.1 at 2016-03-24 11:37:23 +0000
Processing by LinksController#show as HTML
  Parameters: {"id"=>"1"}
  [1m[36mLink Load (0.2ms)[0m  [1mSELECT  "links".* FROM "links"  WHERE "links"."id" = ? LIMIT 1[0m  [["id", 1]]
  [1m[35mUser Load (0.2ms)[0m  SELECT  "users".* FROM "users"  WHERE "users"."id" = ? LIMIT 1  [["id", 1]]
  [1m[36m (0.4ms)[0m  [1mSELECT COUNT(*) FROM "votes"  WHERE "votes"."votable_id" = ? AND "votes"."votable_type" = ? AND "votes"."vote_flag" = 't' AND "votes"."vote_scope" IS NULL[0m  [["votable_id", 1], ["votable_type", "Link"]]
  [1m[35m (0.1ms)[0m  SELECT COUNT(*) FROM "votes"  WHERE "votes"."votable_id" = ? AND "votes"."votable_type" = ? AND "votes"."vote_flag" = 'f' AND "votes"."vote_scope" IS NULL  [["votable_id", 1], ["votable_type", "Link"]]
  [1m[36mUser Load (0.1ms)[0m  [1mSELECT  "users".* FROM "users"  WHERE "users"."id" = 1  ORDER BY "users"."id" ASC LIMIT 1[0m
  [1m[35m (0.8ms)[0m  SELECT COUNT(*) FROM "comments"  WHERE "comments"."link_id" = ?  [["link_id", 1]]
  [1m[36mComment Load (0.2ms)[0m  [1mSELECT "comments".* FROM "comments"  WHERE "comments"."link_id" = ?[0m  [["link_id", 1]]
  Rendered collection (0.0ms)
  Rendered links/show.html.erb within layouts/application (200.4ms)
Completed 200 OK in 333ms (Views: 327.9ms | ActiveRecord: 3.0ms)


Started GET "/assets/links.css?body=1" for 127.0.0.1 at 2016-03-24 11:37:23 +0000


Started GET "/assets/application.css?body=1" for 127.0.0.1 at 2016-03-24 11:37:23 +0000


Started GET "/assets/bootstrap/tooltip.js?body=1" for 127.0.0.1 at 2016-03-24 11:37:23 +0000


Started GET "/assets/bootstrap/scrollspy.js?body=1" for 127.0.0.1 at 2016-03-24 11:37:23 +0000


Started GET "/assets/scaffolds.css?body=1" for 127.0.0.1 at 2016-03-24 11:37:23 +0000


Started GET "/assets/bootstrap/modal.js?body=1" for 127.0.0.1 at 2016-03-24 11:37:23 +0000


Started GET "/assets/jquery_ujs.js?body=1" for 127.0.0.1 at 2016-03-24 11:37:23 +0000


Started GET "/assets/bootstrap/transition.js?body=1" for 127.0.0.1 at 2016-03-24 11:37:23 +0000


Started GET "/assets/turbolinks.js?body=1" for 127.0.0.1 at 2016-03-24 11:37:23 +0000


Started GET "/assets/comments.js?body=1" for 127.0.0.1 at 2016-03-24 11:37:23 +0000


Started GET "/assets/links.js?body=1" for 127.0.0.1 at 2016-03-24 11:37:23 +0000


Started GET "/assets/application.js?body=1" for 127.0.0.1 at 2016-03-24 11:37:23 +0000


Started GET "/assets/bootstrap/glyphicons-halflings-regular.woff" for 127.0.0.1 at 2016-03-24 11:37:23 +0000


Started GET "/links/new" for 127.0.0.1 at 2016-03-24 11:37:30 +0000
Processing by LinksController#new as HTML
  [1m[35mUser Load (0.3ms)[0m  SELECT  "users".* FROM "users"  WHERE "users"."id" = 1  ORDER BY "users"."id" ASC LIMIT 1
  Rendered links/_form.html.erb (2.9ms)
  Rendered links/new.html.erb within layouts/application (113.9ms)
Completed 200 OK in 274ms (Views: 270.4ms | ActiveRecord: 0.3ms)


Started POST "/links" for 127.0.0.1 at 2016-03-24 11:37:49 +0000
Processing by LinksController#create as HTML
  Parameters: {"utf8"=>"✓", "authenticity_token"=>"JvjyTxEyDScS0mns5M/5AJNBvigJyoHGApt88ioSzEo=", "link"=>{"title"=>"GutHub.com for all repo needs", "url"=>"http://www.github.com"}, "commit"=>"Submit"}
  [1m[36mUser Load (0.4ms)[0m  [1mSELECT  "users".* FROM "users"  WHERE "users"."id" = 1  ORDER BY "users"."id" ASC LIMIT 1[0m
  [1m[35m (0.1ms)[0m  begin transaction
  [1m[36mSQL (0.5ms)[0m  [1mINSERT INTO "links" ("created_at", "title", "updated_at", "url", "user_id") VALUES (?, ?, ?, ?, ?)[0m  [["created_at", "2016-03-24 11:37:49.929833"], ["title", "GutHub.com for all repo needs"], ["updated_at", "2016-03-24 11:37:49.929833"], ["url", "http://www.github.com"], ["user_id", 1]]
  [1m[35m (1.1ms)[0m  commit transaction
Redirected to http://localhost:3000/links/2
Completed 302 Found in 12ms (ActiveRecord: 2.2ms)


Started GET "/links/2" for 127.0.0.1 at 2016-03-24 11:37:49 +0000
Processing by LinksController#show as HTML
  Parameters: {"id"=>"2"}
  [1m[36mLink Load (0.2ms)[0m  [1mSELECT  "links".* FROM "links"  WHERE "links"."id" = ? LIMIT 1[0m  [["id", 2]]
  [1m[35mUser Load (0.1ms)[0m  SELECT  "users".* FROM "users"  WHERE "users"."id" = ? LIMIT 1  [["id", 1]]
  [1m[36m (0.1ms)[0m  [1mSELECT COUNT(*) FROM "votes"  WHERE "votes"."votable_id" = ? AND "votes"."votable_type" = ? AND "votes"."vote_flag" = 't' AND "votes"."vote_scope" IS NULL[0m  [["votable_id", 2], ["votable_type", "Link"]]
  [1m[35m (0.1ms)[0m  SELECT COUNT(*) FROM "votes"  WHERE "votes"."votable_id" = ? AND "votes"."votable_type" = ? AND "votes"."vote_flag" = 'f' AND "votes"."vote_scope" IS NULL  [["votable_id", 2], ["votable_type", "Link"]]
  [1m[36mUser Load (0.3ms)[0m  [1mSELECT  "users".* FROM "users"  WHERE "users"."id" = 1  ORDER BY "users"."id" ASC LIMIT 1[0m
  [1m[35m (0.2ms)[0m  SELECT COUNT(*) FROM "comments"  WHERE "comments"."link_id" = ?  [["link_id", 2]]
  [1m[36mComment Load (0.2ms)[0m  [1mSELECT "comments".* FROM "comments"  WHERE "comments"."link_id" = ?[0m  [["link_id", 2]]
  Rendered collection (0.0ms)
  Rendered links/show.html.erb within layouts/application (12.8ms)
Completed 200 OK in 152ms (Views: 148.9ms | ActiveRecord: 1.2ms)


Started GET "/assets/links.css?body=1" for 127.0.0.1 at 2016-03-24 11:37:50 +0000


Started GET "/assets/scaffolds.css?body=1" for 127.0.0.1 at 2016-03-24 11:37:50 +0000


Started GET "/assets/bootstrap/modal.js?body=1" for 127.0.0.1 at 2016-03-24 11:37:50 +0000


Started GET "/assets/bootstrap/transition.js?body=1" for 127.0.0.1 at 2016-03-24 11:37:50 +0000


Started GET "/assets/bootstrap/scrollspy.js?body=1" for 127.0.0.1 at 2016-03-24 11:37:50 +0000


Started GET "/assets/application.css?body=1" for 127.0.0.1 at 2016-03-24 11:37:50 +0000


Started GET "/assets/bootstrap/tooltip.js?body=1" for 127.0.0.1 at 2016-03-24 11:37:50 +0000


Started GET "/assets/jquery_ujs.js?body=1" for 127.0.0.1 at 2016-03-24 11:37:50 +0000


Started GET "/assets/turbolinks.js?body=1" for 127.0.0.1 at 2016-03-24 11:37:50 +0000


Started GET "/assets/comments.js?body=1" for 127.0.0.1 at 2016-03-24 11:37:50 +0000


Started GET "/assets/links.js?body=1" for 127.0.0.1 at 2016-03-24 11:37:50 +0000


Started GET "/assets/application.js?body=1" for 127.0.0.1 at 2016-03-24 11:37:50 +0000


Started GET "/users/edit" for 127.0.0.1 at 2016-03-24 11:37:55 +0000
Processing by Devise::RegistrationsController#edit as HTML
  [1m[35mUser Load (0.2ms)[0m  SELECT  "users".* FROM "users"  WHERE "users"."id" = 1  ORDER BY "users"."id" ASC LIMIT 1
  Rendered devise/registrations/edit.html.erb within layouts/application (5.9ms)
Completed 200 OK in 152ms (Views: 150.6ms | ActiveRecord: 0.2ms)


Started GET "/" for 127.0.0.1 at 2016-03-24 11:37:56 +0000
Processing by LinksController#index as HTML
  [1m[36mLink Load (0.3ms)[0m  [1mSELECT "links".* FROM "links"[0m
  [1m[35mUser Load (0.2ms)[0m  SELECT  "users".* FROM "users"  WHERE "users"."id" = ? LIMIT 1  [["id", 1]]
  [1m[36m (0.3ms)[0m  [1mSELECT COUNT(*) FROM "votes"  WHERE "votes"."votable_id" = ? AND "votes"."votable_type" = ? AND "votes"."vote_flag" = 't' AND "votes"."vote_scope" IS NULL[0m  [["votable_id", 1], ["votable_type", "Link"]]
  [1m[35m (0.1ms)[0m  SELECT COUNT(*) FROM "votes"  WHERE "votes"."votable_id" = ? AND "votes"."votable_type" = ? AND "votes"."vote_flag" = 'f' AND "votes"."vote_scope" IS NULL  [["votable_id", 1], ["votable_type", "Link"]]
  [1m[36mCACHE (0.0ms)[0m  [1mSELECT  "users".* FROM "users"  WHERE "users"."id" = ? LIMIT 1[0m  [["id", 1]]
  [1m[35m (0.1ms)[0m  SELECT COUNT(*) FROM "votes"  WHERE "votes"."votable_id" = ? AND "votes"."votable_type" = ? AND "votes"."vote_flag" = 't' AND "votes"."vote_scope" IS NULL  [["votable_id", 2], ["votable_type", "Link"]]
  [1m[36m (0.1ms)[0m  [1mSELECT COUNT(*) FROM "votes"  WHERE "votes"."votable_id" = ? AND "votes"."votable_type" = ? AND "votes"."vote_flag" = 'f' AND "votes"."vote_scope" IS NULL[0m  [["votable_id", 2], ["votable_type", "Link"]]
  Rendered links/index.html.erb within layouts/application (13.8ms)
  [1m[35mUser Load (0.2ms)[0m  SELECT  "users".* FROM "users"  WHERE "users"."id" = 1  ORDER BY "users"."id" ASC LIMIT 1
Completed 200 OK in 146ms (Views: 143.0ms | ActiveRecord: 1.3ms)


Started PUT "/links/1/like" for 127.0.0.1 at 2016-03-24 11:38:00 +0000
Processing by LinksController#upvote as HTML
  Parameters: {"authenticity_token"=>"JvjyTxEyDScS0mns5M/5AJNBvigJyoHGApt88ioSzEo=", "id"=>"1"}
  [1m[36mUser Load (0.2ms)[0m  [1mSELECT  "users".* FROM "users"  WHERE "users"."id" = 1  ORDER BY "users"."id" ASC LIMIT 1[0m
  [1m[35mLink Load (0.1ms)[0m  SELECT  "links".* FROM "links"  WHERE "links"."id" = ? LIMIT 1  [["id", 1]]
  [1m[36m (0.2ms)[0m  [1mSELECT COUNT(*) FROM "votes"  WHERE "votes"."votable_id" = ? AND "votes"."votable_type" = ? AND "votes"."voter_id" = 1 AND "votes"."vote_scope" IS NULL AND "votes"."voter_type" = 'User'[0m  [["votable_id", 1], ["votable_type", "Link"]]
  [1m[35m (0.1ms)[0m  begin transaction
  [1m[36mSQL (21.2ms)[0m  [1mINSERT INTO "votes" ("created_at", "updated_at", "votable_id", "votable_type", "vote_flag", "vote_weight", "voter_id", "voter_type") VALUES (?, ?, ?, ?, ?, ?, ?, ?)[0m  [["created_at", "2016-03-24 11:38:00.186769"], ["updated_at", "2016-03-24 11:38:00.186769"], ["votable_id", 1], ["votable_type", "Link"], ["vote_flag", "t"], ["vote_weight", 1], ["voter_id", 1], ["voter_type", "User"]]
  [1m[35m (1.4ms)[0m  commit transaction
Redirected to http://localhost:3000/
Completed 302 Found in 83ms (ActiveRecord: 23.2ms)


Started GET "/" for 127.0.0.1 at 2016-03-24 11:38:00 +0000
Processing by LinksController#index as HTML
  [1m[36mLink Load (0.2ms)[0m  [1mSELECT "links".* FROM "links"[0m
  [1m[35mUser Load (0.1ms)[0m  SELECT  "users".* FROM "users"  WHERE "users"."id" = ? LIMIT 1  [["id", 1]]
  [1m[36m (0.1ms)[0m  [1mSELECT COUNT(*) FROM "votes"  WHERE "votes"."votable_id" = ? AND "votes"."votable_type" = ? AND "votes"."vote_flag" = 't' AND "votes"."vote_scope" IS NULL[0m  [["votable_id", 1], ["votable_type", "Link"]]
  [1m[35m (0.1ms)[0m  SELECT COUNT(*) FROM "votes"  WHERE "votes"."votable_id" = ? AND "votes"."votable_type" = ? AND "votes"."vote_flag" = 'f' AND "votes"."vote_scope" IS NULL  [["votable_id", 1], ["votable_type", "Link"]]
  [1m[36mCACHE (0.0ms)[0m  [1mSELECT  "users".* FROM "users"  WHERE "users"."id" = ? LIMIT 1[0m  [["id", 1]]
  [1m[35m (0.1ms)[0m  SELECT COUNT(*) FROM "votes"  WHERE "votes"."votable_id" = ? AND "votes"."votable_type" = ? AND "votes"."vote_flag" = 't' AND "votes"."vote_scope" IS NULL  [["votable_id", 2], ["votable_type", "Link"]]
  [1m[36m (0.1ms)[0m  [1mSELECT COUNT(*) FROM "votes"  WHERE "votes"."votable_id" = ? AND "votes"."votable_type" = ? AND "votes"."vote_flag" = 'f' AND "votes"."vote_scope" IS NULL[0m  [["votable_id", 2], ["votable_type", "Link"]]
  Rendered links/index.html.erb within layouts/application (8.9ms)
  [1m[35mUser Load (0.3ms)[0m  SELECT  "users".* FROM "users"  WHERE "users"."id" = 1  ORDER BY "users"."id" ASC LIMIT 1
Completed 200 OK in 132ms (Views: 130.3ms | ActiveRecord: 1.0ms)


Started GET "/assets/application.css?body=1" for 127.0.0.1 at 2016-03-24 11:38:00 +0000


Started GET "/assets/links.css?body=1" for 127.0.0.1 at 2016-03-24 11:38:00 +0000


Started GET "/assets/bootstrap/transition.js?body=1" for 127.0.0.1 at 2016-03-24 11:38:00 +0000


Started GET "/assets/bootstrap/modal.js?body=1" for 127.0.0.1 at 2016-03-24 11:38:00 +0000


Started GET "/assets/scaffolds.css?body=1" for 127.0.0.1 at 2016-03-24 11:38:00 +0000


Started GET "/assets/bootstrap/scrollspy.js?body=1" for 127.0.0.1 at 2016-03-24 11:38:00 +0000


Started GET "/assets/bootstrap/tooltip.js?body=1" for 127.0.0.1 at 2016-03-24 11:38:00 +0000


Started GET "/assets/jquery_ujs.js?body=1" for 127.0.0.1 at 2016-03-24 11:38:00 +0000


Started GET "/assets/turbolinks.js?body=1" for 127.0.0.1 at 2016-03-24 11:38:00 +0000


Started GET "/assets/comments.js?body=1" for 127.0.0.1 at 2016-03-24 11:38:00 +0000


Started GET "/assets/links.js?body=1" for 127.0.0.1 at 2016-03-24 11:38:00 +0000


Started GET "/assets/application.js?body=1" for 127.0.0.1 at 2016-03-24 11:38:00 +0000


Started PUT "/links/2/dislike" for 127.0.0.1 at 2016-03-24 11:38:01 +0000
Processing by LinksController#downvote as HTML
  Parameters: {"authenticity_token"=>"JvjyTxEyDScS0mns5M/5AJNBvigJyoHGApt88ioSzEo=", "id"=>"2"}
  [1m[36mUser Load (0.2ms)[0m  [1mSELECT  "users".* FROM "users"  WHERE "users"."id" = 1  ORDER BY "users"."id" ASC LIMIT 1[0m
  [1m[35mLink Load (0.1ms)[0m  SELECT  "links".* FROM "links"  WHERE "links"."id" = ? LIMIT 1  [["id", 2]]
  [1m[36m (0.1ms)[0m  [1mSELECT COUNT(*) FROM "votes"  WHERE "votes"."votable_id" = ? AND "votes"."votable_type" = ? AND "votes"."voter_id" = 1 AND "votes"."vote_scope" IS NULL AND "votes"."voter_type" = 'User'[0m  [["votable_id", 2], ["votable_type", "Link"]]
  [1m[35m (0.1ms)[0m  begin transaction
  [1m[36mSQL (0.5ms)[0m  [1mINSERT INTO "votes" ("created_at", "updated_at", "votable_id", "votable_type", "vote_flag", "vote_weight", "voter_id", "voter_type") VALUES (?, ?, ?, ?, ?, ?, ?, ?)[0m  [["created_at", "2016-03-24 11:38:01.845133"], ["updated_at", "2016-03-24 11:38:01.845133"], ["votable_id", 2], ["votable_type", "Link"], ["vote_flag", "f"], ["vote_weight", 1], ["voter_id", 1], ["voter_type", "User"]]
  [1m[35m (1.8ms)[0m  commit transaction
Redirected to http://localhost:3000/
Completed 302 Found in 9ms (ActiveRecord: 2.8ms)


Started GET "/" for 127.0.0.1 at 2016-03-24 11:38:01 +0000
Processing by LinksController#index as HTML
  [1m[36mLink Load (0.2ms)[0m  [1mSELECT "links".* FROM "links"[0m
  [1m[35mUser Load (0.1ms)[0m  SELECT  "users".* FROM "users"  WHERE "users"."id" = ? LIMIT 1  [["id", 1]]
  [1m[36m (0.1ms)[0m  [1mSELECT COUNT(*) FROM "votes"  WHERE "votes"."votable_id" = ? AND "votes"."votable_type" = ? AND "votes"."vote_flag" = 't' AND "votes"."vote_scope" IS NULL[0m  [["votable_id", 1], ["votable_type", "Link"]]
  [1m[35m (0.1ms)[0m  SELECT COUNT(*) FROM "votes"  WHERE "votes"."votable_id" = ? AND "votes"."votable_type" = ? AND "votes"."vote_flag" = 'f' AND "votes"."vote_scope" IS NULL  [["votable_id", 1], ["votable_type", "Link"]]
  [1m[36mCACHE (0.0ms)[0m  [1mSELECT  "users".* FROM "users"  WHERE "users"."id" = ? LIMIT 1[0m  [["id", 1]]
  [1m[35m (0.2ms)[0m  SELECT COUNT(*) FROM "votes"  WHERE "votes"."votable_id" = ? AND "votes"."votable_type" = ? AND "votes"."vote_flag" = 't' AND "votes"."vote_scope" IS NULL  [["votable_id", 2], ["votable_type", "Link"]]
  [1m[36m (0.2ms)[0m  [1mSELECT COUNT(*) FROM "votes"  WHERE "votes"."votable_id" = ? AND "votes"."votable_type" = ? AND "votes"."vote_flag" = 'f' AND "votes"."vote_scope" IS NULL[0m  [["votable_id", 2], ["votable_type", "Link"]]
  Rendered links/index.html.erb within layouts/application (10.8ms)
  [1m[35mUser Load (0.2ms)[0m  SELECT  "users".* FROM "users"  WHERE "users"."id" = 1  ORDER BY "users"."id" ASC LIMIT 1
Completed 200 OK in 127ms (Views: 124.8ms | ActiveRecord: 1.3ms)


Started GET "/assets/links.css?body=1" for 127.0.0.1 at 2016-03-24 11:38:02 +0000


Started GET "/assets/scaffolds.css?body=1" for 127.0.0.1 at 2016-03-24 11:38:02 +0000


Started GET "/assets/jquery_ujs.js?body=1" for 127.0.0.1 at 2016-03-24 11:38:02 +0000


Started GET "/assets/bootstrap/modal.js?body=1" for 127.0.0.1 at 2016-03-24 11:38:02 +0000


Started GET "/assets/bootstrap/transition.js?body=1" for 127.0.0.1 at 2016-03-24 11:38:02 +0000


Started GET "/assets/bootstrap/tooltip.js?body=1" for 127.0.0.1 at 2016-03-24 11:38:02 +0000


Started GET "/assets/bootstrap/scrollspy.js?body=1" for 127.0.0.1 at 2016-03-24 11:38:02 +0000


Started GET "/assets/application.css?body=1" for 127.0.0.1 at 2016-03-24 11:38:02 +0000


Started GET "/assets/turbolinks.js?body=1" for 127.0.0.1 at 2016-03-24 11:38:02 +0000


Started GET "/assets/comments.js?body=1" for 127.0.0.1 at 2016-03-24 11:38:02 +0000


Started GET "/assets/links.js?body=1" for 127.0.0.1 at 2016-03-24 11:38:02 +0000


Started GET "/assets/application.js?body=1" for 127.0.0.1 at 2016-03-24 11:38:02 +0000


Started PUT "/links/2/like" for 127.0.0.1 at 2016-03-24 11:38:03 +0000
Processing by LinksController#upvote as HTML
  Parameters: {"authenticity_token"=>"JvjyTxEyDScS0mns5M/5AJNBvigJyoHGApt88ioSzEo=", "id"=>"2"}
  [1m[36mUser Load (0.2ms)[0m  [1mSELECT  "users".* FROM "users"  WHERE "users"."id" = 1  ORDER BY "users"."id" ASC LIMIT 1[0m
  [1m[35mLink Load (0.1ms)[0m  SELECT  "links".* FROM "links"  WHERE "links"."id" = ? LIMIT 1  [["id", 2]]
  [1m[36m (0.1ms)[0m  [1mSELECT COUNT(*) FROM "votes"  WHERE "votes"."votable_id" = ? AND "votes"."votable_type" = ? AND "votes"."voter_id" = 1 AND "votes"."vote_scope" IS NULL AND "votes"."voter_type" = 'User'[0m  [["votable_id", 2], ["votable_type", "Link"]]
  [1m[35mActsAsVotable::Vote Load (0.2ms)[0m  SELECT  "votes".* FROM "votes"  WHERE "votes"."votable_id" = ? AND "votes"."votable_type" = ? AND "votes"."voter_id" = 1 AND "votes"."vote_scope" IS NULL AND "votes"."voter_type" = 'User'  ORDER BY "votes"."id" DESC LIMIT 1  [["votable_id", 2], ["votable_type", "Link"]]
  [1m[36m (0.1ms)[0m  [1mbegin transaction[0m
  [1m[35mSQL (0.5ms)[0m  UPDATE "votes" SET "updated_at" = ?, "vote_flag" = ? WHERE "votes"."id" = 2  [["updated_at", "2016-03-24 11:38:03.061075"], ["vote_flag", "t"]]
  [1m[36m (2.2ms)[0m  [1mcommit transaction[0m
Redirected to http://localhost:3000/
Completed 302 Found in 9ms (ActiveRecord: 3.4ms)


Started GET "/" for 127.0.0.1 at 2016-03-24 11:38:03 +0000
Processing by LinksController#index as HTML
  [1m[35mLink Load (0.2ms)[0m  SELECT "links".* FROM "links"
  [1m[36mUser Load (0.2ms)[0m  [1mSELECT  "users".* FROM "users"  WHERE "users"."id" = ? LIMIT 1[0m  [["id", 1]]
  [1m[35m (0.2ms)[0m  SELECT COUNT(*) FROM "votes"  WHERE "votes"."votable_id" = ? AND "votes"."votable_type" = ? AND "votes"."vote_flag" = 't' AND "votes"."vote_scope" IS NULL  [["votable_id", 1], ["votable_type", "Link"]]
  [1m[36m (0.1ms)[0m  [1mSELECT COUNT(*) FROM "votes"  WHERE "votes"."votable_id" = ? AND "votes"."votable_type" = ? AND "votes"."vote_flag" = 'f' AND "votes"."vote_scope" IS NULL[0m  [["votable_id", 1], ["votable_type", "Link"]]
  [1m[35mCACHE (0.0ms)[0m  SELECT  "users".* FROM "users"  WHERE "users"."id" = ? LIMIT 1  [["id", 1]]
  [1m[36m (0.2ms)[0m  [1mSELECT COUNT(*) FROM "votes"  WHERE "votes"."votable_id" = ? AND "votes"."votable_type" = ? AND "votes"."vote_flag" = 't' AND "votes"."vote_scope" IS NULL[0m  [["votable_id", 2], ["votable_type", "Link"]]
  [1m[35m (0.1ms)[0m  SELECT COUNT(*) FROM "votes"  WHERE "votes"."votable_id" = ? AND "votes"."votable_type" = ? AND "votes"."vote_flag" = 'f' AND "votes"."vote_scope" IS NULL  [["votable_id", 2], ["votable_type", "Link"]]
  Rendered links/index.html.erb within layouts/application (16.4ms)
  [1m[36mUser Load (0.2ms)[0m  [1mSELECT  "users".* FROM "users"  WHERE "users"."id" = 1  ORDER BY "users"."id" ASC LIMIT 1[0m
Completed 200 OK in 140ms (Views: 137.9ms | ActiveRecord: 1.2ms)


Started GET "/assets/scaffolds.css?body=1" for 127.0.0.1 at 2016-03-24 11:38:03 +0000


Started GET "/assets/application.css?body=1" for 127.0.0.1 at 2016-03-24 11:38:03 +0000


Started GET "/assets/bootstrap/modal.js?body=1" for 127.0.0.1 at 2016-03-24 11:38:03 +0000


Started GET "/assets/links.css?body=1" for 127.0.0.1 at 2016-03-24 11:38:03 +0000


Started GET "/assets/bootstrap/transition.js?body=1" for 127.0.0.1 at 2016-03-24 11:38:03 +0000


Started GET "/assets/bootstrap/scrollspy.js?body=1" for 127.0.0.1 at 2016-03-24 11:38:03 +0000


Started GET "/assets/jquery_ujs.js?body=1" for 127.0.0.1 at 2016-03-24 11:38:03 +0000


Started GET "/assets/turbolinks.js?body=1" for 127.0.0.1 at 2016-03-24 11:38:03 +0000


Started GET "/assets/bootstrap/tooltip.js?body=1" for 127.0.0.1 at 2016-03-24 11:38:03 +0000


Started GET "/assets/comments.js?body=1" for 127.0.0.1 at 2016-03-24 11:38:03 +0000


Started GET "/assets/links.js?body=1" for 127.0.0.1 at 2016-03-24 11:38:03 +0000


Started GET "/assets/application.js?body=1" for 127.0.0.1 at 2016-03-24 11:38:03 +0000


Started PUT "/links/1/like" for 127.0.0.1 at 2016-03-24 11:38:04 +0000
Processing by LinksController#upvote as HTML
  Parameters: {"authenticity_token"=>"JvjyTxEyDScS0mns5M/5AJNBvigJyoHGApt88ioSzEo=", "id"=>"1"}
  [1m[35mUser Load (0.3ms)[0m  SELECT  "users".* FROM "users"  WHERE "users"."id" = 1  ORDER BY "users"."id" ASC LIMIT 1
  [1m[36mLink Load (0.1ms)[0m  [1mSELECT  "links".* FROM "links"  WHERE "links"."id" = ? LIMIT 1[0m  [["id", 1]]
  [1m[35m (0.1ms)[0m  SELECT COUNT(*) FROM "votes"  WHERE "votes"."votable_id" = ? AND "votes"."votable_type" = ? AND "votes"."voter_id" = 1 AND "votes"."vote_scope" IS NULL AND "votes"."voter_type" = 'User'  [["votable_id", 1], ["votable_type", "Link"]]
  [1m[36mActsAsVotable::Vote Load (0.1ms)[0m  [1mSELECT  "votes".* FROM "votes"  WHERE "votes"."votable_id" = ? AND "votes"."votable_type" = ? AND "votes"."voter_id" = 1 AND "votes"."vote_scope" IS NULL AND "votes"."voter_type" = 'User'  ORDER BY "votes"."id" DESC LIMIT 1[0m  [["votable_id", 1], ["votable_type", "Link"]]
  [1m[35m (0.1ms)[0m  begin transaction
  [1m[36m (0.0ms)[0m  [1mcommit transaction[0m
Redirected to http://localhost:3000/
Completed 302 Found in 6ms (ActiveRecord: 0.7ms)


Started GET "/" for 127.0.0.1 at 2016-03-24 11:38:04 +0000
Processing by LinksController#index as HTML
  [1m[35mLink Load (0.2ms)[0m  SELECT "links".* FROM "links"
  [1m[36mUser Load (0.1ms)[0m  [1mSELECT  "users".* FROM "users"  WHERE "users"."id" = ? LIMIT 1[0m  [["id", 1]]
  [1m[35m (0.1ms)[0m  SELECT COUNT(*) FROM "votes"  WHERE "votes"."votable_id" = ? AND "votes"."votable_type" = ? AND "votes"."vote_flag" = 't' AND "votes"."vote_scope" IS NULL  [["votable_id", 1], ["votable_type", "Link"]]
  [1m[36m (0.1ms)[0m  [1mSELECT COUNT(*) FROM "votes"  WHERE "votes"."votable_id" = ? AND "votes"."votable_type" = ? AND "votes"."vote_flag" = 'f' AND "votes"."vote_scope" IS NULL[0m  [["votable_id", 1], ["votable_type", "Link"]]
  [1m[35mCACHE (0.0ms)[0m  SELECT  "users".* FROM "users"  WHERE "users"."id" = ? LIMIT 1  [["id", 1]]
  [1m[36m (0.1ms)[0m  [1mSELECT COUNT(*) FROM "votes"  WHERE "votes"."votable_id" = ? AND "votes"."votable_type" = ? AND "votes"."vote_flag" = 't' AND "votes"."vote_scope" IS NULL[0m  [["votable_id", 2], ["votable_type", "Link"]]
  [1m[35m (0.1ms)[0m  SELECT COUNT(*) FROM "votes"  WHERE "votes"."votable_id" = ? AND "votes"."votable_type" = ? AND "votes"."vote_flag" = 'f' AND "votes"."vote_scope" IS NULL  [["votable_id", 2], ["votable_type", "Link"]]
  Rendered links/index.html.erb within layouts/application (8.3ms)
  [1m[36mUser Load (0.2ms)[0m  [1mSELECT  "users".* FROM "users"  WHERE "users"."id" = 1  ORDER BY "users"."id" ASC LIMIT 1[0m
Completed 200 OK in 124ms (Views: 122.3ms | ActiveRecord: 1.0ms)


Started GET "/assets/links.css?body=1" for 127.0.0.1 at 2016-03-24 11:38:05 +0000


Started GET "/assets/bootstrap/transition.js?body=1" for 127.0.0.1 at 2016-03-24 11:38:05 +0000


Started GET "/assets/bootstrap/scrollspy.js?body=1" for 127.0.0.1 at 2016-03-24 11:38:05 +0000


Started GET "/assets/bootstrap/modal.js?body=1" for 127.0.0.1 at 2016-03-24 11:38:05 +0000


Started GET "/assets/scaffolds.css?body=1" for 127.0.0.1 at 2016-03-24 11:38:05 +0000


Started GET "/assets/bootstrap/tooltip.js?body=1" for 127.0.0.1 at 2016-03-24 11:38:05 +0000


Started GET "/assets/application.css?body=1" for 127.0.0.1 at 2016-03-24 11:38:05 +0000


Started GET "/assets/jquery_ujs.js?body=1" for 127.0.0.1 at 2016-03-24 11:38:05 +0000


Started GET "/assets/turbolinks.js?body=1" for 127.0.0.1 at 2016-03-24 11:38:05 +0000


Started GET "/assets/comments.js?body=1" for 127.0.0.1 at 2016-03-24 11:38:05 +0000


Started GET "/assets/links.js?body=1" for 127.0.0.1 at 2016-03-24 11:38:05 +0000


Started GET "/assets/application.js?body=1" for 127.0.0.1 at 2016-03-24 11:38:05 +0000


Started GET "/users/edit" for 127.0.0.1 at 2016-03-24 11:38:07 +0000
Processing by Devise::RegistrationsController#edit as HTML
  [1m[35mUser Load (0.4ms)[0m  SELECT  "users".* FROM "users"  WHERE "users"."id" = 1  ORDER BY "users"."id" ASC LIMIT 1
  Rendered devise/registrations/edit.html.erb within layouts/application (3.3ms)
Completed 200 OK in 127ms (Views: 124.7ms | ActiveRecord: 0.4ms)


Started GET "/" for 127.0.0.1 at 2016-03-24 11:38:10 +0000
Processing by LinksController#index as HTML
  [1m[36mLink Load (0.2ms)[0m  [1mSELECT "links".* FROM "links"[0m
  [1m[35mUser Load (0.1ms)[0m  SELECT  "users".* FROM "users"  WHERE "users"."id" = ? LIMIT 1  [["id", 1]]
  [1m[36m (0.1ms)[0m  [1mSELECT COUNT(*) FROM "votes"  WHERE "votes"."votable_id" = ? AND "votes"."votable_type" = ? AND "votes"."vote_flag" = 't' AND "votes"."vote_scope" IS NULL[0m  [["votable_id", 1], ["votable_type", "Link"]]
  [1m[35m (0.1ms)[0m  SELECT COUNT(*) FROM "votes"  WHERE "votes"."votable_id" = ? AND "votes"."votable_type" = ? AND "votes"."vote_flag" = 'f' AND "votes"."vote_scope" IS NULL  [["votable_id", 1], ["votable_type", "Link"]]
  [1m[36mCACHE (0.0ms)[0m  [1mSELECT  "users".* FROM "users"  WHERE "users"."id" = ? LIMIT 1[0m  [["id", 1]]
  [1m[35m (0.3ms)[0m  SELECT COUNT(*) FROM "votes"  WHERE "votes"."votable_id" = ? AND "votes"."votable_type" = ? AND "votes"."vote_flag" = 't' AND "votes"."vote_scope" IS NULL  [["votable_id", 2], ["votable_type", "Link"]]
  [1m[36m (0.2ms)[0m  [1mSELECT COUNT(*) FROM "votes"  WHERE "votes"."votable_id" = ? AND "votes"."votable_type" = ? AND "votes"."vote_flag" = 'f' AND "votes"."vote_scope" IS NULL[0m  [["votable_id", 2], ["votable_type", "Link"]]
  Rendered links/index.html.erb within layouts/application (12.1ms)
  [1m[35mUser Load (0.3ms)[0m  SELECT  "users".* FROM "users"  WHERE "users"."id" = 1  ORDER BY "users"."id" ASC LIMIT 1
Completed 200 OK in 138ms (Views: 135.3ms | ActiveRecord: 1.3ms)


Started GET "/links/1" for 127.0.0.1 at 2016-03-24 11:38:11 +0000
Processing by LinksController#show as HTML
  Parameters: {"id"=>"1"}
  [1m[36mLink Load (0.1ms)[0m  [1mSELECT  "links".* FROM "links"  WHERE "links"."id" = ? LIMIT 1[0m  [["id", 1]]
  [1m[35mUser Load (0.4ms)[0m  SELECT  "users".* FROM "users"  WHERE "users"."id" = ? LIMIT 1  [["id", 1]]
  [1m[36m (0.2ms)[0m  [1mSELECT COUNT(*) FROM "votes"  WHERE "votes"."votable_id" = ? AND "votes"."votable_type" = ? AND "votes"."vote_flag" = 't' AND "votes"."vote_scope" IS NULL[0m  [["votable_id", 1], ["votable_type", "Link"]]
  [1m[35m (0.2ms)[0m  SELECT COUNT(*) FROM "votes"  WHERE "votes"."votable_id" = ? AND "votes"."votable_type" = ? AND "votes"."vote_flag" = 'f' AND "votes"."vote_scope" IS NULL  [["votable_id", 1], ["votable_type", "Link"]]
  [1m[36mUser Load (0.5ms)[0m  [1mSELECT  "users".* FROM "users"  WHERE "users"."id" = 1  ORDER BY "users"."id" ASC LIMIT 1[0m
  [1m[35m (0.1ms)[0m  SELECT COUNT(*) FROM "comments"  WHERE "comments"."link_id" = ?  [["link_id", 1]]
  [1m[36mComment Load (0.1ms)[0m  [1mSELECT "comments".* FROM "comments"  WHERE "comments"."link_id" = ?[0m  [["link_id", 1]]
  Rendered collection (0.0ms)
  Rendered links/show.html.erb within layouts/application (12.3ms)
Completed 200 OK in 128ms (Views: 125.2ms | ActiveRecord: 1.5ms)


Started GET "/" for 127.0.0.1 at 2016-03-24 11:38:15 +0000
Processing by LinksController#index as HTML
  [1m[35mLink Load (0.2ms)[0m  SELECT "links".* FROM "links"
  [1m[36mUser Load (0.1ms)[0m  [1mSELECT  "users".* FROM "users"  WHERE "users"."id" = ? LIMIT 1[0m  [["id", 1]]
  [1m[35m (0.1ms)[0m  SELECT COUNT(*) FROM "votes"  WHERE "votes"."votable_id" = ? AND "votes"."votable_type" = ? AND "votes"."vote_flag" = 't' AND "votes"."vote_scope" IS NULL  [["votable_id", 1], ["votable_type", "Link"]]
  [1m[36m (0.1ms)[0m  [1mSELECT COUNT(*) FROM "votes"  WHERE "votes"."votable_id" = ? AND "votes"."votable_type" = ? AND "votes"."vote_flag" = 'f' AND "votes"."vote_scope" IS NULL[0m  [["votable_id", 1], ["votable_type", "Link"]]
  [1m[35mCACHE (0.0ms)[0m  SELECT  "users".* FROM "users"  WHERE "users"."id" = ? LIMIT 1  [["id", 1]]
  [1m[36m (0.1ms)[0m  [1mSELECT COUNT(*) FROM "votes"  WHERE "votes"."votable_id" = ? AND "votes"."votable_type" = ? AND "votes"."vote_flag" = 't' AND "votes"."vote_scope" IS NULL[0m  [["votable_id", 2], ["votable_type", "Link"]]
  [1m[35m (0.1ms)[0m  SELECT COUNT(*) FROM "votes"  WHERE "votes"."votable_id" = ? AND "votes"."votable_type" = ? AND "votes"."vote_flag" = 'f' AND "votes"."vote_scope" IS NULL  [["votable_id", 2], ["votable_type", "Link"]]
  Rendered links/index.html.erb within layouts/application (9.0ms)
  [1m[36mUser Load (0.6ms)[0m  [1mSELECT  "users".* FROM "users"  WHERE "users"."id" = 1  ORDER BY "users"."id" ASC LIMIT 1[0m
Completed 200 OK in 121ms (Views: 119.2ms | ActiveRecord: 1.4ms)


Started GET "/" for 127.0.0.1 at 2016-03-24 23:30:00 +0000
  [1m[36mActiveRecord::SchemaMigration Load (0.6ms)[0m  [1mSELECT "schema_migrations".* FROM "schema_migrations"[0m
Processing by LinksController#index as HTML
  [1m[35mLink Load (2.3ms)[0m  SELECT "links".* FROM "links"
  [1m[36mUser Load (0.8ms)[0m  [1mSELECT  "users".* FROM "users"  WHERE "users"."id" = ? LIMIT 1[0m  [["id", 1]]
  [1m[35m (1.5ms)[0m  SELECT COUNT(*) FROM "votes"  WHERE "votes"."votable_id" = ? AND "votes"."votable_type" = ? AND "votes"."vote_flag" = 't' AND "votes"."vote_scope" IS NULL  [["votable_id", 1], ["votable_type", "Link"]]
  [1m[36m (0.4ms)[0m  [1mSELECT COUNT(*) FROM "votes"  WHERE "votes"."votable_id" = ? AND "votes"."votable_type" = ? AND "votes"."vote_flag" = 'f' AND "votes"."vote_scope" IS NULL[0m  [["votable_id", 1], ["votable_type", "Link"]]
  [1m[35mCACHE (0.0ms)[0m  SELECT  "users".* FROM "users"  WHERE "users"."id" = ? LIMIT 1  [["id", 1]]
  [1m[36m (0.3ms)[0m  [1mSELECT COUNT(*) FROM "votes"  WHERE "votes"."votable_id" = ? AND "votes"."votable_type" = ? AND "votes"."vote_flag" = 't' AND "votes"."vote_scope" IS NULL[0m  [["votable_id", 2], ["votable_type", "Link"]]
  [1m[35m (2.3ms)[0m  SELECT COUNT(*) FROM "votes"  WHERE "votes"."votable_id" = ? AND "votes"."votable_type" = ? AND "votes"."vote_flag" = 'f' AND "votes"."vote_scope" IS NULL  [["votable_id", 2], ["votable_type", "Link"]]
  Rendered links/index.html.erb within layouts/application (199.1ms)
Completed 200 OK in 958ms (Views: 883.6ms | ActiveRecord: 9.5ms)


Started GET "/assets/bootstrap/alert.js?body=1" for 127.0.0.1 at 2016-03-24 23:30:01 +0000


Started GET "/assets/jquery.js?body=1" for 127.0.0.1 at 2016-03-24 23:30:01 +0000


Started GET "/assets/bootstrap/affix.js?body=1" for 127.0.0.1 at 2016-03-24 23:30:01 +0000


Started GET "/assets/application.css?body=1" for 127.0.0.1 at 2016-03-24 23:30:01 +0000


Started GET "/assets/scaffolds.css?body=1" for 127.0.0.1 at 2016-03-24 23:30:01 +0000


Started GET "/assets/links.css?body=1" for 127.0.0.1 at 2016-03-24 23:30:01 +0000


Started GET "/assets/bootstrap/carousel.js?body=1" for 127.0.0.1 at 2016-03-24 23:30:01 +0000


Started GET "/assets/bootstrap/collapse.js?body=1" for 127.0.0.1 at 2016-03-24 23:30:01 +0000


Started GET "/assets/bootstrap/button.js?body=1" for 127.0.0.1 at 2016-03-24 23:30:01 +0000


Started GET "/assets/bootstrap/tab.js?body=1" for 127.0.0.1 at 2016-03-24 23:30:01 +0000


Started GET "/assets/bootstrap/transition.js?body=1" for 127.0.0.1 at 2016-03-24 23:30:01 +0000


Started GET "/assets/bootstrap/scrollspy.js?body=1" for 127.0.0.1 at 2016-03-24 23:30:02 +0000


Started GET "/assets/bootstrap/dropdown.js?body=1" for 127.0.0.1 at 2016-03-24 23:30:02 +0000


Started GET "/assets/bootstrap/tooltip.js?body=1" for 127.0.0.1 at 2016-03-24 23:30:02 +0000


Started GET "/assets/bootstrap/popover.js?body=1" for 127.0.0.1 at 2016-03-24 23:30:02 +0000


Started GET "/assets/bootstrap-sprockets.js?body=1" for 127.0.0.1 at 2016-03-24 23:30:02 +0000


Started GET "/assets/bootstrap/modal.js?body=1" for 127.0.0.1 at 2016-03-24 23:30:02 +0000


Started GET "/assets/jquery_ujs.js?body=1" for 127.0.0.1 at 2016-03-24 23:30:02 +0000


Started GET "/assets/turbolinks.js?body=1" for 127.0.0.1 at 2016-03-24 23:30:02 +0000


Started GET "/assets/comments.js?body=1" for 127.0.0.1 at 2016-03-24 23:30:02 +0000


Started GET "/assets/links.js?body=1" for 127.0.0.1 at 2016-03-24 23:30:02 +0000


Started GET "/assets/application.js?body=1" for 127.0.0.1 at 2016-03-24 23:30:02 +0000


Started GET "/assets/bootstrap/glyphicons-halflings-regular.woff" for 127.0.0.1 at 2016-03-24 23:30:02 +0000


Started PUT "/links/1/dislike" for 127.0.0.1 at 2016-03-24 23:30:11 +0000
Processing by LinksController#downvote as HTML
  Parameters: {"authenticity_token"=>"XF5hYeBddXX92D350QSjI03MKheXLw5wKf2jnEkceB0=", "id"=>"1"}
Completed 401 Unauthorized in 18ms


Started GET "/users/sign_in" for 127.0.0.1 at 2016-03-24 23:30:11 +0000
Processing by Devise::SessionsController#new as HTML
  Rendered devise/shared/_links.erb (4.2ms)
  Rendered devise/sessions/new.html.erb within layouts/application (109.2ms)
Completed 200 OK in 420ms (Views: 410.7ms | ActiveRecord: 0.0ms)


Started POST "/users/sign_in" for 127.0.0.1 at 2016-03-24 23:30:15 +0000
Processing by Devise::SessionsController#create as HTML
  Parameters: {"utf8"=>"✓", "authenticity_token"=>"XF5hYeBddXX92D350QSjI03MKheXLw5wKf2jnEkceB0=", "user"=>{"email"=>"crookesa@hotmail.com", "password"=>"[FILTERED]", "remember_me"=>"0"}, "commit"=>"Sign In"}
  [1m[36mUser Load (0.6ms)[0m  [1mSELECT  "users".* FROM "users"  WHERE "users"."email" = 'crookesa@hotmail.com'  ORDER BY "users"."id" ASC LIMIT 1[0m
  [1m[35m (0.2ms)[0m  begin transaction
  [1m[36mSQL (0.8ms)[0m  [1mUPDATE "users" SET "current_sign_in_at" = ?, "sign_in_count" = ?, "updated_at" = ? WHERE "users"."id" = 1[0m  [["current_sign_in_at", "2016-03-24 23:30:15.888468"], ["sign_in_count", 2], ["updated_at", "2016-03-24 23:30:15.890963"]]
  [1m[35m (1.4ms)[0m  commit transaction
Redirected to http://localhost:3000/
Completed 302 Found in 178ms (ActiveRecord: 3.0ms)


Started GET "/" for 127.0.0.1 at 2016-03-24 23:30:15 +0000
Processing by LinksController#index as HTML
  [1m[36mLink Load (0.4ms)[0m  [1mSELECT "links".* FROM "links"[0m
  [1m[35mUser Load (0.2ms)[0m  SELECT  "users".* FROM "users"  WHERE "users"."id" = ? LIMIT 1  [["id", 1]]
  [1m[36m (0.2ms)[0m  [1mSELECT COUNT(*) FROM "votes"  WHERE "votes"."votable_id" = ? AND "votes"."votable_type" = ? AND "votes"."vote_flag" = 't' AND "votes"."vote_scope" IS NULL[0m  [["votable_id", 1], ["votable_type", "Link"]]
  [1m[35m (0.4ms)[0m  SELECT COUNT(*) FROM "votes"  WHERE "votes"."votable_id" = ? AND "votes"."votable_type" = ? AND "votes"."vote_flag" = 'f' AND "votes"."vote_scope" IS NULL  [["votable_id", 1], ["votable_type", "Link"]]
  [1m[36mCACHE (0.0ms)[0m  [1mSELECT  "users".* FROM "users"  WHERE "users"."id" = ? LIMIT 1[0m  [["id", 1]]
  [1m[35m (0.2ms)[0m  SELECT COUNT(*) FROM "votes"  WHERE "votes"."votable_id" = ? AND "votes"."votable_type" = ? AND "votes"."vote_flag" = 't' AND "votes"."vote_scope" IS NULL  [["votable_id", 2], ["votable_type", "Link"]]
  [1m[36m (0.3ms)[0m  [1mSELECT COUNT(*) FROM "votes"  WHERE "votes"."votable_id" = ? AND "votes"."votable_type" = ? AND "votes"."vote_flag" = 'f' AND "votes"."vote_scope" IS NULL[0m  [["votable_id", 2], ["votable_type", "Link"]]
  Rendered links/index.html.erb within layouts/application (23.2ms)
  [1m[35mUser Load (0.4ms)[0m  SELECT  "users".* FROM "users"  WHERE "users"."id" = 1  ORDER BY "users"."id" ASC LIMIT 1
Completed 200 OK in 260ms (Views: 256.4ms | ActiveRecord: 2.1ms)


Started PUT "/links/1/dislike" for 127.0.0.1 at 2016-03-24 23:30:17 +0000
Processing by LinksController#downvote as HTML
  Parameters: {"authenticity_token"=>"AM6MPwKfUeW2Ck/n76ltZdJsA8Km2EBl/Cj75zSlAnk=", "id"=>"1"}
  [1m[36mUser Load (0.4ms)[0m  [1mSELECT  "users".* FROM "users"  WHERE "users"."id" = 1  ORDER BY "users"."id" ASC LIMIT 1[0m
  [1m[35mLink Load (0.3ms)[0m  SELECT  "links".* FROM "links"  WHERE "links"."id" = ? LIMIT 1  [["id", 1]]
  [1m[36m (0.8ms)[0m  [1mSELECT COUNT(*) FROM "votes"  WHERE "votes"."votable_id" = ? AND "votes"."votable_type" = ? AND "votes"."voter_id" = 1 AND "votes"."vote_scope" IS NULL AND "votes"."voter_type" = 'User'[0m  [["votable_id", 1], ["votable_type", "Link"]]
  [1m[35mActsAsVotable::Vote Load (0.4ms)[0m  SELECT  "votes".* FROM "votes"  WHERE "votes"."votable_id" = ? AND "votes"."votable_type" = ? AND "votes"."voter_id" = 1 AND "votes"."vote_scope" IS NULL AND "votes"."voter_type" = 'User'  ORDER BY "votes"."id" DESC LIMIT 1  [["votable_id", 1], ["votable_type", "Link"]]
  [1m[36m (0.1ms)[0m  [1mbegin transaction[0m
  [1m[35mSQL (0.6ms)[0m  UPDATE "votes" SET "updated_at" = ?, "vote_flag" = ? WHERE "votes"."id" = 1  [["updated_at", "2016-03-24 23:30:17.918462"], ["vote_flag", "f"]]
  [1m[36m (1.0ms)[0m  [1mcommit transaction[0m
Redirected to http://localhost:3000/
Completed 302 Found in 28ms (ActiveRecord: 3.7ms)


Started GET "/" for 127.0.0.1 at 2016-03-24 23:30:17 +0000
Processing by LinksController#index as HTML
  [1m[35mLink Load (0.3ms)[0m  SELECT "links".* FROM "links"
  [1m[36mUser Load (0.3ms)[0m  [1mSELECT  "users".* FROM "users"  WHERE "users"."id" = ? LIMIT 1[0m  [["id", 1]]
  [1m[35m (0.2ms)[0m  SELECT COUNT(*) FROM "votes"  WHERE "votes"."votable_id" = ? AND "votes"."votable_type" = ? AND "votes"."vote_flag" = 't' AND "votes"."vote_scope" IS NULL  [["votable_id", 1], ["votable_type", "Link"]]
  [1m[36m (0.2ms)[0m  [1mSELECT COUNT(*) FROM "votes"  WHERE "votes"."votable_id" = ? AND "votes"."votable_type" = ? AND "votes"."vote_flag" = 'f' AND "votes"."vote_scope" IS NULL[0m  [["votable_id", 1], ["votable_type", "Link"]]
  [1m[35mCACHE (0.0ms)[0m  SELECT  "users".* FROM "users"  WHERE "users"."id" = ? LIMIT 1  [["id", 1]]
  [1m[36m (0.1ms)[0m  [1mSELECT COUNT(*) FROM "votes"  WHERE "votes"."votable_id" = ? AND "votes"."votable_type" = ? AND "votes"."vote_flag" = 't' AND "votes"."vote_scope" IS NULL[0m  [["votable_id", 2], ["votable_type", "Link"]]
  [1m[35m (0.1ms)[0m  SELECT COUNT(*) FROM "votes"  WHERE "votes"."votable_id" = ? AND "votes"."votable_type" = ? AND "votes"."vote_flag" = 'f' AND "votes"."vote_scope" IS NULL  [["votable_id", 2], ["votable_type", "Link"]]
  Rendered links/index.html.erb within layouts/application (16.8ms)
  [1m[36mUser Load (0.5ms)[0m  [1mSELECT  "users".* FROM "users"  WHERE "users"."id" = 1  ORDER BY "users"."id" ASC LIMIT 1[0m
Completed 200 OK in 233ms (Views: 230.1ms | ActiveRecord: 1.8ms)


Started PUT "/links/2/dislike" for 127.0.0.1 at 2016-03-24 23:30:19 +0000
Processing by LinksController#downvote as HTML
  Parameters: {"authenticity_token"=>"AM6MPwKfUeW2Ck/n76ltZdJsA8Km2EBl/Cj75zSlAnk=", "id"=>"2"}
  [1m[35mUser Load (0.4ms)[0m  SELECT  "users".* FROM "users"  WHERE "users"."id" = 1  ORDER BY "users"."id" ASC LIMIT 1
  [1m[36mLink Load (0.4ms)[0m  [1mSELECT  "links".* FROM "links"  WHERE "links"."id" = ? LIMIT 1[0m  [["id", 2]]
  [1m[35m (0.2ms)[0m  SELECT COUNT(*) FROM "votes"  WHERE "votes"."votable_id" = ? AND "votes"."votable_type" = ? AND "votes"."voter_id" = 1 AND "votes"."vote_scope" IS NULL AND "votes"."voter_type" = 'User'  [["votable_id", 2], ["votable_type", "Link"]]
  [1m[36mActsAsVotable::Vote Load (0.1ms)[0m  [1mSELECT  "votes".* FROM "votes"  WHERE "votes"."votable_id" = ? AND "votes"."votable_type" = ? AND "votes"."voter_id" = 1 AND "votes"."vote_scope" IS NULL AND "votes"."voter_type" = 'User'  ORDER BY "votes"."id" DESC LIMIT 1[0m  [["votable_id", 2], ["votable_type", "Link"]]
  [1m[35m (0.1ms)[0m  begin transaction
  [1m[36mSQL (0.9ms)[0m  [1mUPDATE "votes" SET "updated_at" = ?, "vote_flag" = ? WHERE "votes"."id" = 2[0m  [["updated_at", "2016-03-24 23:30:19.834450"], ["vote_flag", "f"]]
  [1m[35m (3.8ms)[0m  commit transaction
Redirected to http://localhost:3000/
Completed 302 Found in 18ms (ActiveRecord: 5.9ms)


Started GET "/" for 127.0.0.1 at 2016-03-24 23:30:19 +0000
Processing by LinksController#index as HTML
  [1m[36mLink Load (0.4ms)[0m  [1mSELECT "links".* FROM "links"[0m
  [1m[35mUser Load (0.3ms)[0m  SELECT  "users".* FROM "users"  WHERE "users"."id" = ? LIMIT 1  [["id", 1]]
  [1m[36m (0.2ms)[0m  [1mSELECT COUNT(*) FROM "votes"  WHERE "votes"."votable_id" = ? AND "votes"."votable_type" = ? AND "votes"."vote_flag" = 't' AND "votes"."vote_scope" IS NULL[0m  [["votable_id", 1], ["votable_type", "Link"]]
  [1m[35m (0.3ms)[0m  SELECT COUNT(*) FROM "votes"  WHERE "votes"."votable_id" = ? AND "votes"."votable_type" = ? AND "votes"."vote_flag" = 'f' AND "votes"."vote_scope" IS NULL  [["votable_id", 1], ["votable_type", "Link"]]
  [1m[36mCACHE (0.0ms)[0m  [1mSELECT  "users".* FROM "users"  WHERE "users"."id" = ? LIMIT 1[0m  [["id", 1]]
  [1m[35m (0.3ms)[0m  SELECT COUNT(*) FROM "votes"  WHERE "votes"."votable_id" = ? AND "votes"."votable_type" = ? AND "votes"."vote_flag" = 't' AND "votes"."vote_scope" IS NULL  [["votable_id", 2], ["votable_type", "Link"]]
  [1m[36m (0.2ms)[0m  [1mSELECT COUNT(*) FROM "votes"  WHERE "votes"."votable_id" = ? AND "votes"."votable_type" = ? AND "votes"."vote_flag" = 'f' AND "votes"."vote_scope" IS NULL[0m  [["votable_id", 2], ["votable_type", "Link"]]
  Rendered links/index.html.erb within layouts/application (23.7ms)
  [1m[35mUser Load (0.3ms)[0m  SELECT  "users".* FROM "users"  WHERE "users"."id" = 1  ORDER BY "users"."id" ASC LIMIT 1
Completed 200 OK in 256ms (Views: 253.0ms | ActiveRecord: 2.1ms)


Started GET "/links/1" for 127.0.0.1 at 2016-03-24 23:30:34 +0000
Processing by LinksController#show as HTML
  Parameters: {"id"=>"1"}
  [1m[36mLink Load (0.2ms)[0m  [1mSELECT  "links".* FROM "links"  WHERE "links"."id" = ? LIMIT 1[0m  [["id", 1]]
  [1m[35mUser Load (0.2ms)[0m  SELECT  "users".* FROM "users"  WHERE "users"."id" = ? LIMIT 1  [["id", 1]]
  [1m[36m (1.5ms)[0m  [1mSELECT COUNT(*) FROM "votes"  WHERE "votes"."votable_id" = ? AND "votes"."votable_type" = ? AND "votes"."vote_flag" = 't' AND "votes"."vote_scope" IS NULL[0m  [["votable_id", 1], ["votable_type", "Link"]]
  [1m[35m (0.2ms)[0m  SELECT COUNT(*) FROM "votes"  WHERE "votes"."votable_id" = ? AND "votes"."votable_type" = ? AND "votes"."vote_flag" = 'f' AND "votes"."vote_scope" IS NULL  [["votable_id", 1], ["votable_type", "Link"]]
  [1m[36mUser Load (0.2ms)[0m  [1mSELECT  "users".* FROM "users"  WHERE "users"."id" = 1  ORDER BY "users"."id" ASC LIMIT 1[0m
  [1m[35m (0.4ms)[0m  SELECT COUNT(*) FROM "comments"  WHERE "comments"."link_id" = ?  [["link_id", 1]]
  [1m[36mComment Load (0.1ms)[0m  [1mSELECT "comments".* FROM "comments"  WHERE "comments"."link_id" = ?[0m  [["link_id", 1]]
  Rendered collection (0.0ms)
  Rendered links/show.html.erb within layouts/application (176.0ms)
Completed 200 OK in 397ms (Views: 391.5ms | ActiveRecord: 3.5ms)
